0 verbose cli C:\Program Files\nodejs\node.exe C:\Users\William Duong\AppData\Roaming\npm\node_modules\npm\bin\npm-cli.js
1 info using npm@11.12.1
2 info using node@v22.16.0
3 silly config load:file:C:\Users\William Duong\AppData\Roaming\npm\node_modules\npm\npmrc
4 silly config load:file:D:\Source\template\project-knowledge-base-template\.npmrc
5 silly config load:file:C:\Users\William Duong\.npmrc
6 silly config load:file:C:\Users\William Duong\AppData\Roaming\npm\etc\npmrc
7 verbose title npm view @williamduong/kb version
8 verbose argv "view" "@williamduong/kb" "version" "--registry" "https://registry.npmjs.org/" "--cache" ""
9 verbose logfile logs-max:10 dir:D:\Source\template\project-knowledge-base-template\_logs\2026-04-30T10_50_23_278Z-
10 verbose logfile D:\Source\template\project-knowledge-base-template\_logs\2026-04-30T10_50_23_278Z-debug-0.log
11 silly logfile done cleaning log files
12 http fetch GET 200 https://registry.npmjs.org/npm 496ms
13 http fetch GET 200 https://registry.npmjs.org/@williamduong%2fkb 483ms (cache miss)
14 verbose cwd D:\Source\template\project-knowledge-base-template
15 verbose os Windows_NT 10.0.26200
16 verbose node v22.16.0
17 verbose npm  v11.12.1
18 notice
18 notice New [33mminor[39m version of npm available! [33m11.12.1[39m -> [34m11.13.0[39m
18 notice Changelog: [34mhttps://github.com/npm/cli/releases/tag/v11.13.0[39m
18 notice To update run: [4mnpm install -g npm@11.13.0[24m
18 notice  { force: true, [Symbol(proc-log.meta)]: true }
19 verbose exit 0
20 info ok
